<?xml version="1.0" encoding="UTF-8"?>
<coverage generated="1636069789732" clover="3.2.0">
  <project timestamp="1636069789732" name="All files">
    <metrics statements="95" coveredstatements="66" conditionals="47" coveredconditionals="27" methods="10" coveredmethods="4" elements="152" coveredelements="97" complexity="0" loc="95" ncloc="95" packages="2" files="7" classes="7"/>
    <package name="tennisCalculator">
      <metrics statements="18" coveredstatements="17" conditionals="8" coveredconditionals="3" methods="1" coveredmethods="1"/>
      <file name="main.js" path="A:\Tech Tests\Coding_Challenge_E1\src\tennisCalculator\main.js">
        <metrics statements="18" coveredstatements="17" conditionals="8" coveredconditionals="3" methods="1" coveredmethods="1"/>
        <line num="8" count="1" type="stmt"/>
        <line num="9" count="1" type="stmt"/>
        <line num="10" count="1" type="stmt"/>
        <line num="19" count="1" type="cond" truecount="0" falsecount="2"/>
        <line num="20" count="2" type="stmt"/>
        <line num="21" count="2" type="stmt"/>
        <line num="23" count="2" type="stmt"/>
        <line num="25" count="1" type="stmt"/>
        <line num="27" count="1" type="cond" truecount="1" falsecount="1"/>
        <line num="28" count="1" type="stmt"/>
        <line num="31" count="1" type="cond" truecount="1" falsecount="1"/>
        <line num="32" count="1" type="stmt"/>
        <line num="34" count="1" type="stmt"/>
        <line num="35" count="1" type="stmt"/>
        <line num="38" count="1" type="stmt"/>
        <line num="39" count="1" type="stmt"/>
        <line num="44" count="1" type="cond" truecount="1" falsecount="1"/>
        <line num="45" count="0" type="stmt"/>
      </file>
    </package>
    <package name="tennisCalculator.helpers">
      <metrics statements="77" coveredstatements="49" conditionals="39" coveredconditionals="24" methods="9" coveredmethods="3"/>
      <file name="addGame.js" path="A:\Tech Tests\Coding_Challenge_E1\src\tennisCalculator\helpers\addGame.js">
        <metrics statements="26" coveredstatements="16" conditionals="11" coveredconditionals="7" methods="1" coveredmethods="1"/>
        <line num="8" count="2" type="cond" truecount="1" falsecount="0"/>
        <line num="10" count="12" type="stmt"/>
        <line num="11" count="12" type="stmt"/>
        <line num="13" count="12" type="cond" truecount="1" falsecount="1"/>
        <line num="15" count="12" type="cond" truecount="2" falsecount="0"/>
        <line num="17" count="2" type="stmt"/>
        <line num="18" count="2" type="stmt"/>
        <line num="20" count="2" type="stmt"/>
        <line num="21" count="2" type="stmt"/>
        <line num="23" count="2" type="stmt"/>
        <line num="25" count="2" type="cond" truecount="2" falsecount="0"/>
        <line num="27" count="1" type="stmt"/>
        <line num="28" count="1" type="stmt"/>
        <line num="31" count="1" type="stmt"/>
        <line num="32" count="1" type="stmt"/>
        <line num="36" count="10" type="cond" truecount="1" falsecount="1"/>
        <line num="38" count="0" type="stmt"/>
        <line num="39" count="0" type="stmt"/>
        <line num="41" count="0" type="stmt"/>
        <line num="42" count="0" type="stmt"/>
        <line num="44" count="0" type="stmt"/>
        <line num="46" count="0" type="cond" truecount="0" falsecount="2"/>
        <line num="48" count="0" type="stmt"/>
        <line num="49" count="0" type="stmt"/>
        <line num="51" count="0" type="stmt"/>
        <line num="52" count="0" type="stmt"/>
      </file>
      <file name="get-args.js" path="A:\Tech Tests\Coding_Challenge_E1\src\tennisCalculator\helpers\get-args.js">
        <metrics statements="5" coveredstatements="4" conditionals="5" coveredconditionals="4" methods="1" coveredmethods="1"/>
        <line num="11" count="1" type="stmt"/>
        <line num="13" count="3" type="stmt"/>
        <line num="14" count="3" type="cond" truecount="4" falsecount="1"/>
        <line num="15" count="3" type="stmt"/>
        <line num="17" count="0" type="stmt"/>
      </file>
      <file name="logPlayerGames.js" path="A:\Tech Tests\Coding_Challenge_E1\src\tennisCalculator\helpers\logPlayerGames.js">
        <metrics statements="7" coveredstatements="1" conditionals="2" coveredconditionals="0" methods="2" coveredmethods="0"/>
        <line num="8" count="1" type="stmt"/>
        <line num="9" count="0" type="stmt"/>
        <line num="14" count="0" type="stmt"/>
        <line num="16" count="0" type="cond" truecount="0" falsecount="2"/>
        <line num="18" count="0" type="stmt"/>
        <line num="19" count="0" type="stmt"/>
        <line num="22" count="0" type="stmt"/>
      </file>
      <file name="logScores.js" path="A:\Tech Tests\Coding_Challenge_E1\src\tennisCalculator\helpers\logScores.js">
        <metrics statements="4" coveredstatements="1" conditionals="2" coveredconditionals="0" methods="2" coveredmethods="0"/>
        <line num="7" count="1" type="stmt"/>
        <line num="9" count="0" type="stmt"/>
        <line num="12" count="0" type="stmt"/>
        <line num="14" count="0" type="cond" truecount="0" falsecount="2"/>
      </file>
      <file name="parseGame.js" path="A:\Tech Tests\Coding_Challenge_E1\src\tennisCalculator\helpers\parseGame.js">
        <metrics statements="31" coveredstatements="26" conditionals="19" coveredconditionals="13" methods="1" coveredmethods="1"/>
        <line num="9" count="2" type="stmt"/>
        <line num="10" count="1" type="stmt"/>
        <line num="13" count="1" type="stmt"/>
        <line num="14" count="50" type="stmt"/>
        <line num="16" count="50" type="cond" truecount="2" falsecount="0"/>
        <line num="18" count="1" type="stmt"/>
        <line num="20" count="1" type="cond" truecount="1" falsecount="1"/>
        <line num="22" count="0" type="stmt"/>
        <line num="25" count="1" type="stmt"/>
        <line num="41" count="49" type="cond" truecount="2" falsecount="0"/>
        <line num="42" count="1" type="stmt"/>
        <line num="43" count="1" type="stmt"/>
        <line num="44" count="2" type="stmt"/>
        <line num="46" count="1" type="stmt"/>
        <line num="47" count="1" type="stmt"/>
        <line num="48" count="1" type="stmt"/>
        <line num="49" count="1" type="stmt"/>
        <line num="52" count="48" type="cond" truecount="1" falsecount="1"/>
        <line num="53" count="48" type="stmt"/>
        <line num="54" count="48" type="cond" truecount="1" falsecount="2"/>
        <line num="56" count="48" type="stmt"/>
        <line num="57" count="48" type="stmt"/>
        <line num="59" count="0" type="stmt"/>
        <line num="60" count="0" type="stmt"/>
        <line num="62" count="0" type="stmt"/>
        <line num="65" count="48" type="cond" truecount="4" falsecount="0"/>
        <line num="66" count="12" type="stmt"/>
        <line num="69" count="36" type="cond" truecount="2" falsecount="2"/>
        <line num="70" count="0" type="stmt"/>
        <line num="75" count="1" type="stmt"/>
        <line num="76" count="1" type="stmt"/>
      </file>
      <file name="readFile.js" path="A:\Tech Tests\Coding_Challenge_E1\src\tennisCalculator\helpers\readFile.js">
        <metrics statements="4" coveredstatements="1" conditionals="0" coveredconditionals="0" methods="2" coveredmethods="0"/>
        <line num="9" count="1" type="stmt"/>
        <line num="11" count="0" type="stmt"/>
        <line num="13" count="0" type="stmt"/>
        <line num="14" count="0" type="stmt"/>
      </file>
    </package>
  </project>
</coverage>
