{"A:\\Tech Tests\\Coding_Challenge_E1\\src\\tennisCalculator\\main.js": {"path":"A:\\Tech Tests\\Coding_Challenge_E1\\src\\tennisCalculator\\main.js","statementMap":{"0":{"start":{"line":8,"column":17},"end":{"line":8,"column":36}},"1":{"start":{"line":9,"column":19},"end":{"line":9,"column":40}},"2":{"start":{"line":10,"column":20},"end":{"line":10,"column":42}},"3":{"start":{"line":19,"column":20},"end":{"line":41,"column":1}},"4":{"start":{"line":20,"column":2},"end":{"line":40,"column":3}},"5":{"start":{"line":21,"column":4},"end":{"line":21,"column":26}},"6":{"start":{"line":23,"column":18},"end":{"line":23,"column":36}},"7":{"start":{"line":25,"column":19},"end":{"line":25,"column":36}},"8":{"start":{"line":27,"column":4},"end":{"line":29,"column":5}},"9":{"start":{"line":28,"column":6},"end":{"line":28,"column":35}},"10":{"start":{"line":31,"column":4},"end":{"line":33,"column":5}},"11":{"start":{"line":32,"column":6},"end":{"line":32,"column":55}},"12":{"start":{"line":34,"column":4},"end":{"line":34,"column":22}},"13":{"start":{"line":35,"column":4},"end":{"line":35,"column":16}},"14":{"start":{"line":38,"column":4},"end":{"line":38,"column":44}},"15":{"start":{"line":39,"column":4},"end":{"line":39,"column":17}},"16":{"start":{"line":44,"column":0},"end":{"line":46,"column":1}},"17":{"start":{"line":45,"column":2},"end":{"line":45,"column":41}}},"fnMap":{"0":{"name":"(anonymous_0)","decl":{"start":{"line":19,"column":20},"end":{"line":19,"column":21}},"loc":{"start":{"line":19,"column":75},"end":{"line":41,"column":1}},"line":19}},"branchMap":{"0":{"loc":{"start":{"line":19,"column":31},"end":{"line":19,"column":49}},"type":"default-arg","locations":[{"start":{"line":19,"column":44},"end":{"line":19,"column":49}}],"line":19},"1":{"loc":{"start":{"line":19,"column":51},"end":{"line":19,"column":70}},"type":"default-arg","locations":[{"start":{"line":19,"column":65},"end":{"line":19,"column":70}}],"line":19},"2":{"loc":{"start":{"line":27,"column":4},"end":{"line":29,"column":5}},"type":"if","locations":[{"start":{"line":27,"column":4},"end":{"line":29,"column":5}},{"start":{},"end":{}}],"line":27},"3":{"loc":{"start":{"line":31,"column":4},"end":{"line":33,"column":5}},"type":"if","locations":[{"start":{"line":31,"column":4},"end":{"line":33,"column":5}},{"start":{},"end":{}}],"line":31},"4":{"loc":{"start":{"line":44,"column":0},"end":{"line":46,"column":1}},"type":"if","locations":[{"start":{"line":44,"column":0},"end":{"line":46,"column":1}},{"start":{},"end":{}}],"line":44}},"s":{"0":1,"1":1,"2":1,"3":1,"4":2,"5":2,"6":2,"7":1,"8":1,"9":1,"10":1,"11":1,"12":1,"13":1,"14":1,"15":1,"16":1,"17":0},"f":{"0":2},"b":{"0":[0],"1":[0],"2":[1,0],"3":[1,0],"4":[0,1]},"_coverageSchema":"1a1c01bbd47fc00a2c39e90264f33305004495a9","hash":"1a3581c275c67d56d12d9ad0925dc9584820b7b1"}
,"A:\\Tech Tests\\Coding_Challenge_E1\\src\\tennisCalculator\\helpers\\addGame.js": {"path":"A:\\Tech Tests\\Coding_Challenge_E1\\src\\tennisCalculator\\helpers\\addGame.js","statementMap":{"0":{"start":{"line":8,"column":23},"end":{"line":55,"column":1}},"1":{"start":{"line":10,"column":2},"end":{"line":10,"column":29}},"2":{"start":{"line":11,"column":2},"end":{"line":11,"column":29}},"3":{"start":{"line":13,"column":2},"end":{"line":13,"column":67}},"4":{"start":{"line":15,"column":2},"end":{"line":54,"column":3}},"5":{"start":{"line":17,"column":4},"end":{"line":17,"column":96}},"6":{"start":{"line":18,"column":4},"end":{"line":18,"column":96}},"7":{"start":{"line":20,"column":4},"end":{"line":20,"column":31}},"8":{"start":{"line":21,"column":4},"end":{"line":21,"column":31}},"9":{"start":{"line":23,"column":4},"end":{"line":23,"column":27}},"10":{"start":{"line":25,"column":4},"end":{"line":33,"column":5}},"11":{"start":{"line":27,"column":6},"end":{"line":27,"column":64}},"12":{"start":{"line":28,"column":6},"end":{"line":28,"column":63}},"13":{"start":{"line":31,"column":6},"end":{"line":31,"column":141}},"14":{"start":{"line":32,"column":6},"end":{"line":32,"column":141}},"15":{"start":{"line":36,"column":7},"end":{"line":54,"column":3}},"16":{"start":{"line":38,"column":4},"end":{"line":38,"column":96}},"17":{"start":{"line":39,"column":4},"end":{"line":39,"column":96}},"18":{"start":{"line":41,"column":4},"end":{"line":41,"column":31}},"19":{"start":{"line":42,"column":4},"end":{"line":42,"column":31}},"20":{"start":{"line":44,"column":4},"end":{"line":44,"column":27}},"21":{"start":{"line":46,"column":4},"end":{"line":53,"column":5}},"22":{"start":{"line":48,"column":6},"end":{"line":48,"column":64}},"23":{"start":{"line":49,"column":6},"end":{"line":49,"column":63}},"24":{"start":{"line":51,"column":6},"end":{"line":51,"column":141}},"25":{"start":{"line":52,"column":6},"end":{"line":52,"column":141}}},"fnMap":{"0":{"name":"(anonymous_0)","decl":{"start":{"line":8,"column":23},"end":{"line":8,"column":24}},"loc":{"start":{"line":8,"column":57},"end":{"line":55,"column":1}},"line":8}},"branchMap":{"0":{"loc":{"start":{"line":8,"column":36},"end":{"line":8,"column":52}},"type":"default-arg","locations":[{"start":{"line":8,"column":48},"end":{"line":8,"column":52}}],"line":8},"1":{"loc":{"start":{"line":13,"column":2},"end":{"line":13,"column":67}},"type":"cond-expr","locations":[{"start":{"line":13,"column":14},"end":{"line":13,"column":39}},{"start":{"line":13,"column":42},"end":{"line":13,"column":67}}],"line":13},"2":{"loc":{"start":{"line":15,"column":2},"end":{"line":54,"column":3}},"type":"if","locations":[{"start":{"line":15,"column":2},"end":{"line":54,"column":3}},{"start":{"line":36,"column":7},"end":{"line":54,"column":3}}],"line":15},"3":{"loc":{"start":{"line":25,"column":4},"end":{"line":33,"column":5}},"type":"if","locations":[{"start":{"line":25,"column":4},"end":{"line":33,"column":5}},{"start":{},"end":{}}],"line":25},"4":{"loc":{"start":{"line":36,"column":7},"end":{"line":54,"column":3}},"type":"if","locations":[{"start":{"line":36,"column":7},"end":{"line":54,"column":3}},{"start":{},"end":{}}],"line":36},"5":{"loc":{"start":{"line":46,"column":4},"end":{"line":53,"column":5}},"type":"if","locations":[{"start":{"line":46,"column":4},"end":{"line":53,"column":5}},{"start":{},"end":{}}],"line":46}},"s":{"0":2,"1":12,"2":12,"3":12,"4":12,"5":2,"6":2,"7":2,"8":2,"9":2,"10":2,"11":1,"12":1,"13":1,"14":1,"15":10,"16":0,"17":0,"18":0,"19":0,"20":0,"21":0,"22":0,"23":0,"24":0,"25":0},"f":{"0":12},"b":{"0":[12],"1":[12,0],"2":[2,10],"3":[1,1],"4":[0,10],"5":[0,0]},"_coverageSchema":"1a1c01bbd47fc00a2c39e90264f33305004495a9","hash":"98c6d7c0fbf795e074c0e0f60f4638b9b334eec4"}
,"A:\\Tech Tests\\Coding_Challenge_E1\\src\\tennisCalculator\\helpers\\get-args.js": {"path":"A:\\Tech Tests\\Coding_Challenge_E1\\src\\tennisCalculator\\helpers\\get-args.js","statementMap":{"0":{"start":{"line":11,"column":23},"end":{"line":19,"column":1}},"1":{"start":{"line":13,"column":20},"end":{"line":13,"column":70}},"2":{"start":{"line":14,"column":4},"end":{"line":18,"column":5}},"3":{"start":{"line":15,"column":8},"end":{"line":15,"column":24}},"4":{"start":{"line":17,"column":8},"end":{"line":17,"column":48}}},"fnMap":{"0":{"name":"(anonymous_0)","decl":{"start":{"line":11,"column":23},"end":{"line":11,"column":24}},"loc":{"start":{"line":11,"column":32},"end":{"line":19,"column":1}},"line":11}},"branchMap":{"0":{"loc":{"start":{"line":14,"column":4},"end":{"line":18,"column":5}},"type":"if","locations":[{"start":{"line":14,"column":4},"end":{"line":18,"column":5}},{"start":{"line":16,"column":11},"end":{"line":18,"column":5}}],"line":14},"1":{"loc":{"start":{"line":14,"column":8},"end":{"line":14,"column":73}},"type":"binary-expr","locations":[{"start":{"line":14,"column":8},"end":{"line":14,"column":24}},{"start":{"line":14,"column":28},"end":{"line":14,"column":46}},{"start":{"line":14,"column":50},"end":{"line":14,"column":73}}],"line":14}},"s":{"0":1,"1":3,"2":3,"3":3,"4":0},"f":{"0":3},"b":{"0":[3,0],"1":[3,3,3]},"_coverageSchema":"1a1c01bbd47fc00a2c39e90264f33305004495a9","hash":"2542fe346cbf87ce16217886625cb263a4b207c0"}
,"A:\\Tech Tests\\Coding_Challenge_E1\\src\\tennisCalculator\\helpers\\logPlayerGames.js": {"path":"A:\\Tech Tests\\Coding_Challenge_E1\\src\\tennisCalculator\\helpers\\logPlayerGames.js","statementMap":{"0":{"start":{"line":8,"column":30},"end":{"line":23,"column":1}},"1":{"start":{"line":9,"column":23},"end":{"line":12,"column":3}},"2":{"start":{"line":14,"column":2},"end":{"line":21,"column":3}},"3":{"start":{"line":16,"column":4},"end":{"line":20,"column":5}},"4":{"start":{"line":16,"column":45},"end":{"line":16,"column":75}},"5":{"start":{"line":18,"column":6},"end":{"line":18,"column":63}},"6":{"start":{"line":19,"column":6},"end":{"line":19,"column":66}},"7":{"start":{"line":22,"column":2},"end":{"line":22,"column":60}}},"fnMap":{"0":{"name":"(anonymous_0)","decl":{"start":{"line":8,"column":30},"end":{"line":8,"column":31}},"loc":{"start":{"line":8,"column":54},"end":{"line":23,"column":1}},"line":8},"1":{"name":"(anonymous_1)","decl":{"start":{"line":16,"column":32},"end":{"line":16,"column":33}},"loc":{"start":{"line":16,"column":45},"end":{"line":16,"column":75}},"line":16}},"branchMap":{"0":{"loc":{"start":{"line":16,"column":4},"end":{"line":20,"column":5}},"type":"if","locations":[{"start":{"line":16,"column":4},"end":{"line":20,"column":5}},{"start":{},"end":{}}],"line":16}},"s":{"0":1,"1":0,"2":0,"3":0,"4":0,"5":0,"6":0,"7":0},"f":{"0":0,"1":0},"b":{"0":[0,0]},"_coverageSchema":"1a1c01bbd47fc00a2c39e90264f33305004495a9","hash":"a185c867812c67b7bcfb58e6fa8fbf5d54d6e29a"}
,"A:\\Tech Tests\\Coding_Challenge_E1\\src\\tennisCalculator\\helpers\\logScores.js": {"path":"A:\\Tech Tests\\Coding_Challenge_E1\\src\\tennisCalculator\\helpers\\logScores.js","statementMap":{"0":{"start":{"line":7,"column":25},"end":{"line":17,"column":1}},"1":{"start":{"line":9,"column":19},"end":{"line":9,"column":68}},"2":{"start":{"line":9,"column":41},"end":{"line":9,"column":67}},"3":{"start":{"line":12,"column":2},"end":{"line":12,"column":72}},"4":{"start":{"line":14,"column":2},"end":{"line":16,"column":74}}},"fnMap":{"0":{"name":"(anonymous_0)","decl":{"start":{"line":7,"column":25},"end":{"line":7,"column":26}},"loc":{"start":{"line":7,"column":47},"end":{"line":17,"column":1}},"line":7},"1":{"name":"(anonymous_1)","decl":{"start":{"line":9,"column":32},"end":{"line":9,"column":33}},"loc":{"start":{"line":9,"column":41},"end":{"line":9,"column":67}},"line":9}},"branchMap":{"0":{"loc":{"start":{"line":14,"column":2},"end":{"line":16,"column":74}},"type":"cond-expr","locations":[{"start":{"line":15,"column":6},"end":{"line":15,"column":74}},{"start":{"line":16,"column":6},"end":{"line":16,"column":74}}],"line":14}},"s":{"0":1,"1":0,"2":0,"3":0,"4":0},"f":{"0":0,"1":0},"b":{"0":[0,0]},"_coverageSchema":"1a1c01bbd47fc00a2c39e90264f33305004495a9","hash":"b11cbaa7f4d48f932eaaadd8eb2319e62aa8f952"}
,"A:\\Tech Tests\\Coding_Challenge_E1\\src\\tennisCalculator\\helpers\\parseGame.js": {"path":"A:\\Tech Tests\\Coding_Challenge_E1\\src\\tennisCalculator\\helpers\\parseGame.js","statementMap":{"0":{"start":{"line":9,"column":26},"end":{"line":77,"column":1}},"1":{"start":{"line":10,"column":18},"end":{"line":10,"column":20}},"2":{"start":{"line":13,"column":2},"end":{"line":73,"column":3}},"3":{"start":{"line":14,"column":16},"end":{"line":14,"column":31}},"4":{"start":{"line":16,"column":4},"end":{"line":72,"column":5}},"5":{"start":{"line":18,"column":20},"end":{"line":18,"column":34}},"6":{"start":{"line":20,"column":6},"end":{"line":23,"column":7}},"7":{"start":{"line":22,"column":8},"end":{"line":22,"column":30}},"8":{"start":{"line":25,"column":6},"end":{"line":38,"column":7}},"9":{"start":{"line":41,"column":9},"end":{"line":72,"column":5}},"10":{"start":{"line":42,"column":22},"end":{"line":42,"column":37}},"11":{"start":{"line":43,"column":6},"end":{"line":45,"column":7}},"12":{"start":{"line":44,"column":8},"end":{"line":44,"column":61}},"13":{"start":{"line":46,"column":6},"end":{"line":46,"column":71}},"14":{"start":{"line":47,"column":6},"end":{"line":47,"column":71}},"15":{"start":{"line":48,"column":6},"end":{"line":48,"column":72}},"16":{"start":{"line":49,"column":6},"end":{"line":49,"column":72}},"17":{"start":{"line":52,"column":9},"end":{"line":72,"column":5}},"18":{"start":{"line":53,"column":20},"end":{"line":53,"column":31}},"19":{"start":{"line":54,"column":6},"end":{"line":63,"column":7}},"20":{"start":{"line":56,"column":10},"end":{"line":56,"column":33}},"21":{"start":{"line":57,"column":10},"end":{"line":57,"column":15}},"22":{"start":{"line":59,"column":10},"end":{"line":59,"column":33}},"23":{"start":{"line":60,"column":10},"end":{"line":60,"column":15}},"24":{"start":{"line":62,"column":10},"end":{"line":62,"column":15}},"25":{"start":{"line":65,"column":6},"end":{"line":71,"column":7}},"26":{"start":{"line":66,"column":8},"end":{"line":66,"column":25}},"27":{"start":{"line":69,"column":11},"end":{"line":71,"column":7}},"28":{"start":{"line":70,"column":8},"end":{"line":70,"column":32}},"29":{"start":{"line":75,"column":2},"end":{"line":75,"column":24}},"30":{"start":{"line":76,"column":2},"end":{"line":76,"column":16}}},"fnMap":{"0":{"name":"(anonymous_0)","decl":{"start":{"line":9,"column":26},"end":{"line":9,"column":27}},"loc":{"start":{"line":9,"column":47},"end":{"line":77,"column":1}},"line":9}},"branchMap":{"0":{"loc":{"start":{"line":16,"column":4},"end":{"line":72,"column":5}},"type":"if","locations":[{"start":{"line":16,"column":4},"end":{"line":72,"column":5}},{"start":{"line":41,"column":9},"end":{"line":72,"column":5}}],"line":16},"1":{"loc":{"start":{"line":20,"column":6},"end":{"line":23,"column":7}},"type":"if","locations":[{"start":{"line":20,"column":6},"end":{"line":23,"column":7}},{"start":{},"end":{}}],"line":20},"2":{"loc":{"start":{"line":41,"column":9},"end":{"line":72,"column":5}},"type":"if","locations":[{"start":{"line":41,"column":9},"end":{"line":72,"column":5}},{"start":{"line":52,"column":9},"end":{"line":72,"column":5}}],"line":41},"3":{"loc":{"start":{"line":52,"column":9},"end":{"line":72,"column":5}},"type":"if","locations":[{"start":{"line":52,"column":9},"end":{"line":72,"column":5}},{"start":{},"end":{}}],"line":52},"4":{"loc":{"start":{"line":54,"column":6},"end":{"line":63,"column":7}},"type":"switch","locations":[{"start":{"line":55,"column":8},"end":{"line":57,"column":15}},{"start":{"line":58,"column":8},"end":{"line":60,"column":15}},{"start":{"line":61,"column":8},"end":{"line":62,"column":15}}],"line":54},"5":{"loc":{"start":{"line":65,"column":6},"end":{"line":71,"column":7}},"type":"if","locations":[{"start":{"line":65,"column":6},"end":{"line":71,"column":7}},{"start":{"line":69,"column":11},"end":{"line":71,"column":7}}],"line":65},"6":{"loc":{"start":{"line":65,"column":10},"end":{"line":65,"column":90}},"type":"binary-expr","locations":[{"start":{"line":65,"column":10},"end":{"line":65,"column":36}},{"start":{"line":65,"column":40},"end":{"line":65,"column":90}}],"line":65},"7":{"loc":{"start":{"line":69,"column":11},"end":{"line":71,"column":7}},"type":"if","locations":[{"start":{"line":69,"column":11},"end":{"line":71,"column":7}},{"start":{},"end":{}}],"line":69},"8":{"loc":{"start":{"line":69,"column":15},"end":{"line":69,"column":95}},"type":"binary-expr","locations":[{"start":{"line":69,"column":15},"end":{"line":69,"column":41}},{"start":{"line":69,"column":45},"end":{"line":69,"column":95}}],"line":69}},"s":{"0":2,"1":1,"2":1,"3":50,"4":50,"5":1,"6":1,"7":0,"8":1,"9":49,"10":1,"11":1,"12":2,"13":1,"14":1,"15":1,"16":1,"17":48,"18":48,"19":48,"20":48,"21":48,"22":0,"23":0,"24":0,"25":48,"26":12,"27":36,"28":0,"29":1,"30":1},"f":{"0":1},"b":{"0":[1,49],"1":[0,1],"2":[1,48],"3":[48,0],"4":[48,0,0],"5":[12,36],"6":[48,12],"7":[0,36],"8":[36,0]},"_coverageSchema":"1a1c01bbd47fc00a2c39e90264f33305004495a9","hash":"573f9aea97e626f4462aa4e1805ed35f1e51e02f"}
,"A:\\Tech Tests\\Coding_Challenge_E1\\src\\tennisCalculator\\helpers\\readFile.js": {"path":"A:\\Tech Tests\\Coding_Challenge_E1\\src\\tennisCalculator\\helpers\\readFile.js","statementMap":{"0":{"start":{"line":9,"column":24},"end":{"line":15,"column":1}},"1":{"start":{"line":11,"column":15},"end":{"line":11,"column":76}},"2":{"start":{"line":13,"column":23},"end":{"line":13,"column":42}},"3":{"start":{"line":13,"column":40},"end":{"line":13,"column":41}},"4":{"start":{"line":14,"column":2},"end":{"line":14,"column":21}}},"fnMap":{"0":{"name":"(anonymous_0)","decl":{"start":{"line":9,"column":24},"end":{"line":9,"column":25}},"loc":{"start":{"line":9,"column":36},"end":{"line":15,"column":1}},"line":9},"1":{"name":"(anonymous_1)","decl":{"start":{"line":13,"column":35},"end":{"line":13,"column":36}},"loc":{"start":{"line":13,"column":40},"end":{"line":13,"column":41}},"line":13}},"branchMap":{},"s":{"0":1,"1":0,"2":0,"3":0,"4":0},"f":{"0":0,"1":0},"b":{},"_coverageSchema":"1a1c01bbd47fc00a2c39e90264f33305004495a9","hash":"7e14349b7f142d1a2ca5eae09ad5d1fcd0d8d4be"}
}
