TN:
SF:src\tennisCalculator\main.js
FN:19,(anonymous_0)
FNF:1
FNH:1
FNDA:2,(anonymous_0)
DA:8,1
DA:9,1
DA:10,1
DA:19,1
DA:20,2
DA:21,2
DA:23,2
DA:25,1
DA:27,1
DA:28,1
DA:31,1
DA:32,1
DA:34,1
DA:35,1
DA:38,1
DA:39,1
DA:44,1
DA:45,0
LF:18
LH:17
BRDA:19,0,0,0
BRDA:19,1,0,0
BRDA:27,2,0,1
BRDA:27,2,1,0
BRDA:31,3,0,1
BRDA:31,3,1,0
BRDA:44,4,0,0
BRDA:44,4,1,1
BRF:8
BRH:3
end_of_record
TN:
SF:src\tennisCalculator\helpers\addGame.js
FN:8,(anonymous_0)
FNF:1
FNH:1
FNDA:12,(anonymous_0)
DA:8,2
DA:10,12
DA:11,12
DA:13,12
DA:15,12
DA:17,2
DA:18,2
DA:20,2
DA:21,2
DA:23,2
DA:25,2
DA:27,1
DA:28,1
DA:31,1
DA:32,1
DA:36,10
DA:38,0
DA:39,0
DA:41,0
DA:42,0
DA:44,0
DA:46,0
DA:48,0
DA:49,0
DA:51,0
DA:52,0
LF:26
LH:16
BRDA:8,0,0,12
BRDA:13,1,0,12
BRDA:13,1,1,0
BRDA:15,2,0,2
BRDA:15,2,1,10
BRDA:25,3,0,1
BRDA:25,3,1,1
BRDA:36,4,0,0
BRDA:36,4,1,10
BRDA:46,5,0,0
BRDA:46,5,1,0
BRF:11
BRH:7
end_of_record
TN:
SF:src\tennisCalculator\helpers\get-args.js
FN:11,(anonymous_0)
FNF:1
FNH:1
FNDA:3,(anonymous_0)
DA:11,1
DA:13,3
DA:14,3
DA:15,3
DA:17,0
LF:5
LH:4
BRDA:14,0,0,3
BRDA:14,0,1,0
BRDA:14,1,0,3
BRDA:14,1,1,3
BRDA:14,1,2,3
BRF:5
BRH:4
end_of_record
TN:
SF:src\tennisCalculator\helpers\logPlayerGames.js
FN:8,(anonymous_0)
FN:16,(anonymous_1)
FNF:2
FNH:0
FNDA:0,(anonymous_0)
FNDA:0,(anonymous_1)
DA:8,1
DA:9,0
DA:14,0
DA:16,0
DA:18,0
DA:19,0
DA:22,0
LF:7
LH:1
BRDA:16,0,0,0
BRDA:16,0,1,0
BRF:2
BRH:0
end_of_record
TN:
SF:src\tennisCalculator\helpers\logScores.js
FN:7,(anonymous_0)
FN:9,(anonymous_1)
FNF:2
FNH:0
FNDA:0,(anonymous_0)
FNDA:0,(anonymous_1)
DA:7,1
DA:9,0
DA:12,0
DA:14,0
LF:4
LH:1
BRDA:14,0,0,0
BRDA:14,0,1,0
BRF:2
BRH:0
end_of_record
TN:
SF:src\tennisCalculator\helpers\parseGame.js
FN:9,(anonymous_0)
FNF:1
FNH:1
FNDA:1,(anonymous_0)
DA:9,2
DA:10,1
DA:13,1
DA:14,50
DA:16,50
DA:18,1
DA:20,1
DA:22,0
DA:25,1
DA:41,49
DA:42,1
DA:43,1
DA:44,2
DA:46,1
DA:47,1
DA:48,1
DA:49,1
DA:52,48
DA:53,48
DA:54,48
DA:56,48
DA:57,48
DA:59,0
DA:60,0
DA:62,0
DA:65,48
DA:66,12
DA:69,36
DA:70,0
DA:75,1
DA:76,1
LF:31
LH:26
BRDA:16,0,0,1
BRDA:16,0,1,49
BRDA:20,1,0,0
BRDA:20,1,1,1
BRDA:41,2,0,1
BRDA:41,2,1,48
BRDA:52,3,0,48
BRDA:52,3,1,0
BRDA:54,4,0,48
BRDA:54,4,1,0
BRDA:54,4,2,0
BRDA:65,5,0,12
BRDA:65,5,1,36
BRDA:65,6,0,48
BRDA:65,6,1,12
BRDA:69,7,0,0
BRDA:69,7,1,36
BRDA:69,8,0,36
BRDA:69,8,1,0
BRF:19
BRH:13
end_of_record
TN:
SF:src\tennisCalculator\helpers\readFile.js
FN:9,(anonymous_0)
FN:13,(anonymous_1)
FNF:2
FNH:0
FNDA:0,(anonymous_0)
FNDA:0,(anonymous_1)
DA:9,1
DA:11,0
DA:13,0
DA:14,0
LF:4
LH:1
BRF:0
BRH:0
end_of_record
